Analysis & Synthesis report for 7_segment
Fri Jul 17 12:38:27 2015
Quartus II 64-Bit Version 14.1.1 Build 190 01/19/2015 SJ Full Version


---------------------
; Table of Contents ;
---------------------
  1. Legal Notice
  2. Analysis & Synthesis Summary
  3. Analysis & Synthesis Settings
  4. Parallel Compilation
  5. Analysis & Synthesis Source Files Read
  6. Analysis & Synthesis Resource Usage Summary
  7. Analysis & Synthesis Resource Utilization by Entity
  8. General Register Statistics
  9. Multiplexer Restructuring Statistics (Restructuring Performed)
 10. Parameter Settings for User Entity Instance: display:U0|assign_seg:U0
 11. Parameter Settings for User Entity Instance: display:U0|assign_seg:U1
 12. Parameter Settings for User Entity Instance: display:U0|assign_seg:U2
 13. Parameter Settings for User Entity Instance: display:U0|assign_seg:U3
 14. Parameter Settings for User Entity Instance: display:U0|assign_seg:U4
 15. Parameter Settings for User Entity Instance: display:U0|assign_seg:U5
 16. Parameter Settings for User Entity Instance: hour_minute_second:U3
 17. Parameter Settings for User Entity Instance: adjust_date_time:U4|no_jiter:U0
 18. Parameter Settings for User Entity Instance: adjust_date_time:U4|no_jiter:U1
 19. Post-Synthesis Netlist Statistics for Top Partition
 20. Elapsed Time Per Partition
 21. Analysis & Synthesis Messages



----------------
; Legal Notice ;
----------------
Copyright (C) 1991-2015 Altera Corporation. All rights reserved.
Your use of Altera Corporation's design tools, logic functions 
and other software and tools, and its AMPP partner logic 
functions, and any output files from any of the foregoing 
(including device programming or simulation files), and any 
associated documentation or information are expressly subject 
to the terms and conditions of the Altera Program License 
Subscription Agreement, the Altera Quartus II License Agreement,
the Altera MegaCore Function License Agreement, or other 
applicable license agreement, including, without limitation, 
that your use is for the sole purpose of programming logic 
devices manufactured by Altera and sold by Altera or its 
authorized distributors.  Please refer to the applicable 
agreement for further details.



+-------------------------------------------------------------------------------+
; Analysis & Synthesis Summary                                                  ;
+---------------------------------+---------------------------------------------+
; Analysis & Synthesis Status     ; Successful - Fri Jul 17 12:38:27 2015       ;
; Quartus II 64-Bit Version       ; 14.1.1 Build 190 01/19/2015 SJ Full Version ;
; Revision Name                   ; 7_segment                                   ;
; Top-level Entity Name           ; top_segment                                 ;
; Family                          ; Cyclone V                                   ;
; Logic utilization (in ALMs)     ; N/A                                         ;
; Total registers                 ; 186                                         ;
; Total pins                      ; 47                                          ;
; Total virtual pins              ; 0                                           ;
; Total block memory bits         ; 0                                           ;
; Total DSP Blocks                ; 0                                           ;
; Total HSSI RX PCSs              ; 0                                           ;
; Total HSSI PMA RX Deserializers ; 0                                           ;
; Total HSSI TX PCSs              ; 0                                           ;
; Total HSSI PMA TX Serializers   ; 0                                           ;
; Total PLLs                      ; 0                                           ;
; Total DLLs                      ; 0                                           ;
+---------------------------------+---------------------------------------------+


+---------------------------------------------------------------------------------------------------------------------------+
; Analysis & Synthesis Settings                                                                                             ;
+---------------------------------------------------------------------------------+--------------------+--------------------+
; Option                                                                          ; Setting            ; Default Value      ;
+---------------------------------------------------------------------------------+--------------------+--------------------+
; Device                                                                          ; 5CSEMA5F31C6       ;                    ;
; Top-level entity name                                                           ; top_segment        ; 7_segment          ;
; Family name                                                                     ; Cyclone V          ; Cyclone IV GX      ;
; Use smart compilation                                                           ; Off                ; Off                ;
; Enable parallel Assembler and TimeQuest Timing Analyzer during compilation      ; On                 ; On                 ;
; Enable compact report table                                                     ; Off                ; Off                ;
; Restructure Multiplexers                                                        ; Auto               ; Auto               ;
; MLAB Add Timing Constraints For Mixed-Port Feed-Through Mode Setting Don't Care ; Off                ; Off                ;
; Create Debugging Nodes for IP Cores                                             ; Off                ; Off                ;
; Preserve fewer node names                                                       ; On                 ; On                 ;
; Disable OpenCore Plus hardware evaluation                                       ; Off                ; Off                ;
; Verilog Version                                                                 ; Verilog_2001       ; Verilog_2001       ;
; VHDL Version                                                                    ; VHDL_1993          ; VHDL_1993          ;
; State Machine Processing                                                        ; Auto               ; Auto               ;
; Safe State Machine                                                              ; Off                ; Off                ;
; Extract Verilog State Machines                                                  ; On                 ; On                 ;
; Extract VHDL State Machines                                                     ; On                 ; On                 ;
; Ignore Verilog initial constructs                                               ; Off                ; Off                ;
; Iteration limit for constant Verilog loops                                      ; 5000               ; 5000               ;
; Iteration limit for non-constant Verilog loops                                  ; 250                ; 250                ;
; Add Pass-Through Logic to Inferred RAMs                                         ; On                 ; On                 ;
; Infer RAMs from Raw Logic                                                       ; On                 ; On                 ;
; Parallel Synthesis                                                              ; On                 ; On                 ;
; DSP Block Balancing                                                             ; Auto               ; Auto               ;
; NOT Gate Push-Back                                                              ; On                 ; On                 ;
; Power-Up Don't Care                                                             ; On                 ; On                 ;
; Remove Redundant Logic Cells                                                    ; Off                ; Off                ;
; Remove Duplicate Registers                                                      ; On                 ; On                 ;
; Ignore CARRY Buffers                                                            ; Off                ; Off                ;
; Ignore CASCADE Buffers                                                          ; Off                ; Off                ;
; Ignore GLOBAL Buffers                                                           ; Off                ; Off                ;
; Ignore ROW GLOBAL Buffers                                                       ; Off                ; Off                ;
; Ignore LCELL Buffers                                                            ; Off                ; Off                ;
; Ignore SOFT Buffers                                                             ; On                 ; On                 ;
; Limit AHDL Integers to 32 Bits                                                  ; Off                ; Off                ;
; Optimization Technique                                                          ; Balanced           ; Balanced           ;
; Carry Chain Length                                                              ; 70                 ; 70                 ;
; Auto Carry Chains                                                               ; On                 ; On                 ;
; Auto Open-Drain Pins                                                            ; On                 ; On                 ;
; Perform WYSIWYG Primitive Resynthesis                                           ; Off                ; Off                ;
; Auto ROM Replacement                                                            ; On                 ; On                 ;
; Auto RAM Replacement                                                            ; On                 ; On                 ;
; Auto DSP Block Replacement                                                      ; On                 ; On                 ;
; Auto Shift Register Replacement                                                 ; Auto               ; Auto               ;
; Allow Shift Register Merging across Hierarchies                                 ; Auto               ; Auto               ;
; Auto Clock Enable Replacement                                                   ; On                 ; On                 ;
; Strict RAM Replacement                                                          ; Off                ; Off                ;
; Allow Synchronous Control Signals                                               ; On                 ; On                 ;
; Force Use of Synchronous Clear Signals                                          ; Off                ; Off                ;
; Auto Resource Sharing                                                           ; Off                ; Off                ;
; Allow Any RAM Size For Recognition                                              ; Off                ; Off                ;
; Allow Any ROM Size For Recognition                                              ; Off                ; Off                ;
; Allow Any Shift Register Size For Recognition                                   ; Off                ; Off                ;
; Use LogicLock Constraints during Resource Balancing                             ; On                 ; On                 ;
; Ignore translate_off and synthesis_off directives                               ; Off                ; Off                ;
; Timing-Driven Synthesis                                                         ; On                 ; On                 ;
; Report Parameter Settings                                                       ; On                 ; On                 ;
; Report Source Assignments                                                       ; On                 ; On                 ;
; Report Connectivity Checks                                                      ; On                 ; On                 ;
; Ignore Maximum Fan-Out Assignments                                              ; Off                ; Off                ;
; Synchronization Register Chain Length                                           ; 3                  ; 3                  ;
; PowerPlay Power Optimization During Synthesis                                   ; Normal compilation ; Normal compilation ;
; HDL message level                                                               ; Level2             ; Level2             ;
; Suppress Register Optimization Related Messages                                 ; Off                ; Off                ;
; Number of Removed Registers Reported in Synthesis Report                        ; 5000               ; 5000               ;
; Number of Swept Nodes Reported in Synthesis Report                              ; 5000               ; 5000               ;
; Number of Inverted Registers Reported in Synthesis Report                       ; 100                ; 100                ;
; Clock MUX Protection                                                            ; On                 ; On                 ;
; Auto Gated Clock Conversion                                                     ; Off                ; Off                ;
; Block Design Naming                                                             ; Auto               ; Auto               ;
; SDC constraint protection                                                       ; Off                ; Off                ;
; Synthesis Effort                                                                ; Auto               ; Auto               ;
; Shift Register Replacement - Allow Asynchronous Clear Signal                    ; On                 ; On                 ;
; Pre-Mapping Resynthesis Optimization                                            ; Off                ; Off                ;
; Analysis & Synthesis Message Level                                              ; Medium             ; Medium             ;
; Disable Register Merging Across Hierarchies                                     ; Auto               ; Auto               ;
; Resource Aware Inference For Block RAM                                          ; On                 ; On                 ;
; Synthesis Seed                                                                  ; 1                  ; 1                  ;
; Automatic Parallel Synthesis                                                    ; On                 ; On                 ;
; Partial Reconfiguration Bitstream ID                                            ; Off                ; Off                ;
+---------------------------------------------------------------------------------+--------------------+--------------------+


+------------------------------------------+
; Parallel Compilation                     ;
+----------------------------+-------------+
; Processors                 ; Number      ;
+----------------------------+-------------+
; Number detected on machine ; 8           ;
; Maximum allowed            ; 4           ;
;                            ;             ;
; Average used               ; 1.00        ;
; Maximum used               ; 4           ;
;                            ;             ;
; Usage by Processor         ; % Time Used ;
;     Processor 1            ; 100.0%      ;
;     Processors 2-4         ; < 0.1%      ;
;     Processors 5-8         ;   0.0%      ;
+----------------------------+-------------+


+---------------------------------------------------------------------------------------------------------------------------------------------------------+
; Analysis & Synthesis Source Files Read                                                                                                                  ;
+----------------------------------+-----------------+-----------------+------------------------------------------------------------------------+---------+
; File Name with User-Entered Path ; Used in Netlist ; File Type       ; File Name with Absolute Path                                           ; Library ;
+----------------------------------+-----------------+-----------------+------------------------------------------------------------------------+---------+
; ../src/year_month_day.vhd        ; yes             ; User VHDL File  ; /cal/homes/jchen/VHDL/experiments/7-segment/src/year_month_day.vhd     ;         ;
; ../src/top_segment.vhd           ; yes             ; User VHDL File  ; /cal/homes/jchen/VHDL/experiments/7-segment/src/top_segment.vhd        ;         ;
; ../src/no_jiter.vhd              ; yes             ; User VHDL File  ; /cal/homes/jchen/VHDL/experiments/7-segment/src/no_jiter.vhd           ;         ;
; ../src/mux_date_time.vhd         ; yes             ; User VHDL File  ; /cal/homes/jchen/VHDL/experiments/7-segment/src/mux_date_time.vhd      ;         ;
; ../src/hour_minute_second.vhd    ; yes             ; User VHDL File  ; /cal/homes/jchen/VHDL/experiments/7-segment/src/hour_minute_second.vhd ;         ;
; ../src/display.vhd               ; yes             ; User VHDL File  ; /cal/homes/jchen/VHDL/experiments/7-segment/src/display.vhd            ;         ;
; ../src/assign_seg.vhd            ; yes             ; User VHDL File  ; /cal/homes/jchen/VHDL/experiments/7-segment/src/assign_seg.vhd         ;         ;
; ../src/adjust_date_time.vhd      ; yes             ; User VHDL File  ; /cal/homes/jchen/VHDL/experiments/7-segment/src/adjust_date_time.vhd   ;         ;
+----------------------------------+-----------------+-----------------+------------------------------------------------------------------------+---------+


+---------------------------------------------------------+
; Analysis & Synthesis Resource Usage Summary             ;
+---------------------------------------------+-----------+
; Resource                                    ; Usage     ;
+---------------------------------------------+-----------+
; Estimate of Logic utilization (ALMs needed) ; 245       ;
;                                             ;           ;
; Combinational ALUT usage for logic          ; 359       ;
;     -- 7 input functions                    ; 13        ;
;     -- 6 input functions                    ; 118       ;
;     -- 5 input functions                    ; 50        ;
;     -- 4 input functions                    ; 74        ;
;     -- <=3 input functions                  ; 104       ;
;                                             ;           ;
; Dedicated logic registers                   ; 186       ;
;                                             ;           ;
; I/O pins                                    ; 47        ;
;                                             ;           ;
; Total DSP Blocks                            ; 0         ;
;                                             ;           ;
; Maximum fan-out node                        ; clk~input ;
; Maximum fan-out                             ; 186       ;
; Total fan-out                               ; 2289      ;
; Average fan-out                             ; 3.58      ;
+---------------------------------------------+-----------+


+------------------------------------------------------------------------------------------------------------------------------------------------------------------------------------+
; Analysis & Synthesis Resource Utilization by Entity                                                                                                                                ;
+----------------------------+-------------------+--------------+-------------------+------------+------+--------------+----------------------------------------------+--------------+
; Compilation Hierarchy Node ; LC Combinationals ; LC Registers ; Block Memory Bits ; DSP Blocks ; Pins ; Virtual Pins ; Full Hierarchy Name                          ; Library Name ;
+----------------------------+-------------------+--------------+-------------------+------------+------+--------------+----------------------------------------------+--------------+
; |top_segment               ; 359 (1)           ; 186 (0)      ; 0                 ; 0          ; 47   ; 0            ; |top_segment                                 ; work         ;
;    |adjust_date_time:U4|   ; 114 (72)          ; 78 (44)      ; 0                 ; 0          ; 0    ; 0            ; |top_segment|adjust_date_time:U4             ; work         ;
;       |no_jiter:U0|        ; 21 (21)           ; 17 (17)      ; 0                 ; 0          ; 0    ; 0            ; |top_segment|adjust_date_time:U4|no_jiter:U0 ; work         ;
;       |no_jiter:U1|        ; 21 (21)           ; 17 (17)      ; 0                 ; 0          ; 0    ; 0            ; |top_segment|adjust_date_time:U4|no_jiter:U1 ; work         ;
;    |display:U0|            ; 46 (0)            ; 42 (0)       ; 0                 ; 0          ; 0    ; 0            ; |top_segment|display:U0                      ; work         ;
;       |assign_seg:U0|      ; 8 (8)             ; 7 (7)        ; 0                 ; 0          ; 0    ; 0            ; |top_segment|display:U0|assign_seg:U0        ; work         ;
;       |assign_seg:U1|      ; 8 (8)             ; 7 (7)        ; 0                 ; 0          ; 0    ; 0            ; |top_segment|display:U0|assign_seg:U1        ; work         ;
;       |assign_seg:U2|      ; 7 (7)             ; 7 (7)        ; 0                 ; 0          ; 0    ; 0            ; |top_segment|display:U0|assign_seg:U2        ; work         ;
;       |assign_seg:U3|      ; 8 (8)             ; 7 (7)        ; 0                 ; 0          ; 0    ; 0            ; |top_segment|display:U0|assign_seg:U3        ; work         ;
;       |assign_seg:U4|      ; 7 (7)             ; 7 (7)        ; 0                 ; 0          ; 0    ; 0            ; |top_segment|display:U0|assign_seg:U4        ; work         ;
;       |assign_seg:U5|      ; 8 (8)             ; 7 (7)        ; 0                 ; 0          ; 0    ; 0            ; |top_segment|display:U0|assign_seg:U5        ; work         ;
;    |hour_minute_second:U3| ; 82 (82)           ; 47 (47)      ; 0                 ; 0          ; 0    ; 0            ; |top_segment|hour_minute_second:U3           ; work         ;
;    |mux_date_time:U1|      ; 18 (18)           ; 0 (0)        ; 0                 ; 0          ; 0    ; 0            ; |top_segment|mux_date_time:U1                ; work         ;
;    |year_month_day:U2|     ; 98 (98)           ; 19 (19)      ; 0                 ; 0          ; 0    ; 0            ; |top_segment|year_month_day:U2               ; work         ;
+----------------------------+-------------------+--------------+-------------------+------------+------+--------------+----------------------------------------------+--------------+
Note: For table entries with two numbers listed, the numbers in parentheses indicate the number of resources of the given type used by the specific entity alone. The numbers listed outside of parentheses indicate the total resources of the given type used by the specific entity and all of its sub-entities in the hierarchy.


+------------------------------------------------------+
; General Register Statistics                          ;
+----------------------------------------------+-------+
; Statistic                                    ; Value ;
+----------------------------------------------+-------+
; Total registers                              ; 186   ;
; Number of registers using Synchronous Clear  ; 64    ;
; Number of registers using Synchronous Load   ; 56    ;
; Number of registers using Asynchronous Clear ; 0     ;
; Number of registers using Asynchronous Load  ; 0     ;
; Number of registers using Clock Enable       ; 117   ;
; Number of registers using Preset             ; 0     ;
+----------------------------------------------+-------+


+------------------------------------------------------------------------------------------------------------------------------------------------------------------------+
; Multiplexer Restructuring Statistics (Restructuring Performed)                                                                                                         ;
+--------------------+-----------+---------------+----------------------+------------------------+------------+----------------------------------------------------------+
; Multiplexer Inputs ; Bus Width ; Baseline Area ; Area if Restructured ; Saving if Restructured ; Registered ; Example Multiplexer Output                               ;
+--------------------+-----------+---------------+----------------------+------------------------+------------+----------------------------------------------------------+
; 3:1                ; 13 bits   ; 26 LEs        ; 0 LEs                ; 26 LEs                 ; Yes        ; |top_segment|adjust_date_time:U4|no_jiter:U0|counter[1]  ;
; 3:1                ; 13 bits   ; 26 LEs        ; 0 LEs                ; 26 LEs                 ; Yes        ; |top_segment|adjust_date_time:U4|no_jiter:U1|counter[11] ;
; 4:1                ; 4 bits    ; 8 LEs         ; 8 LEs                ; 0 LEs                  ; Yes        ; |top_segment|adjust_date_time:U4|mode_m[0]               ;
; 4:1                ; 26 bits   ; 52 LEs        ; 0 LEs                ; 52 LEs                 ; Yes        ; |top_segment|hour_minute_second:U3|counter[8]            ;
; 5:1                ; 4 bits    ; 12 LEs        ; 8 LEs                ; 4 LEs                  ; Yes        ; |top_segment|hour_minute_second:U3|second_m[0]           ;
; 17:1               ; 7 bits    ; 77 LEs        ; 49 LEs               ; 28 LEs                 ; Yes        ; |top_segment|display:U0|assign_seg:U0|seg_out[1]         ;
; 17:1               ; 7 bits    ; 77 LEs        ; 49 LEs               ; 28 LEs                 ; Yes        ; |top_segment|display:U0|assign_seg:U1|seg_out[2]         ;
; 17:1               ; 7 bits    ; 77 LEs        ; 49 LEs               ; 28 LEs                 ; Yes        ; |top_segment|display:U0|assign_seg:U3|seg_out[6]         ;
; 17:1               ; 7 bits    ; 77 LEs        ; 49 LEs               ; 28 LEs                 ; Yes        ; |top_segment|display:U0|assign_seg:U5|seg_out[1]         ;
; 6:1                ; 4 bits    ; 16 LEs        ; 8 LEs                ; 8 LEs                  ; Yes        ; |top_segment|year_month_day:U2|year_m[7]                 ;
; 6:1                ; 4 bits    ; 16 LEs        ; 8 LEs                ; 8 LEs                  ; Yes        ; |top_segment|year_month_day:U2|year_m[1]                 ;
; 6:1                ; 3 bits    ; 12 LEs        ; 6 LEs                ; 6 LEs                  ; Yes        ; |top_segment|hour_minute_second:U3|second_m[6]           ;
; 6:1                ; 3 bits    ; 12 LEs        ; 6 LEs                ; 6 LEs                  ; Yes        ; |top_segment|adjust_date_time:U4|year_m[7]               ;
; 7:1                ; 3 bits    ; 12 LEs        ; 6 LEs                ; 6 LEs                  ; Yes        ; |top_segment|hour_minute_second:U3|minute_m[4]           ;
; 18:1               ; 2 bits    ; 24 LEs        ; 4 LEs                ; 20 LEs                 ; Yes        ; |top_segment|adjust_date_time:U4|day_m[5]                ;
; 8:1                ; 2 bits    ; 10 LEs        ; 4 LEs                ; 6 LEs                  ; Yes        ; |top_segment|hour_minute_second:U3|hour_m[4]             ;
; 7:1                ; 4 bits    ; 16 LEs        ; 8 LEs                ; 8 LEs                  ; Yes        ; |top_segment|hour_minute_second:U3|minute_m[3]           ;
; 20:1               ; 3 bits    ; 39 LEs        ; 6 LEs                ; 33 LEs                 ; Yes        ; |top_segment|adjust_date_time:U4|hour_m[3]               ;
; 20:1               ; 2 bits    ; 26 LEs        ; 4 LEs                ; 22 LEs                 ; Yes        ; |top_segment|adjust_date_time:U4|year_m[3]               ;
; 20:1               ; 2 bits    ; 26 LEs        ; 4 LEs                ; 22 LEs                 ; Yes        ; |top_segment|adjust_date_time:U4|year_m[2]               ;
; 20:1               ; 2 bits    ; 26 LEs        ; 4 LEs                ; 22 LEs                 ; Yes        ; |top_segment|adjust_date_time:U4|minute_m[6]             ;
; 20:1               ; 2 bits    ; 26 LEs        ; 4 LEs                ; 22 LEs                 ; Yes        ; |top_segment|adjust_date_time:U4|minute_m[3]             ;
; 20:1               ; 2 bits    ; 26 LEs        ; 4 LEs                ; 22 LEs                 ; Yes        ; |top_segment|adjust_date_time:U4|minute_m[1]             ;
; 20:1               ; 3 bits    ; 39 LEs        ; 6 LEs                ; 33 LEs                 ; Yes        ; |top_segment|adjust_date_time:U4|month_m[3]              ;
; 20:1               ; 2 bits    ; 26 LEs        ; 4 LEs                ; 22 LEs                 ; Yes        ; |top_segment|adjust_date_time:U4|second_m[4]             ;
; 20:1               ; 2 bits    ; 26 LEs        ; 4 LEs                ; 22 LEs                 ; Yes        ; |top_segment|adjust_date_time:U4|second_m[3]             ;
; 20:1               ; 2 bits    ; 26 LEs        ; 4 LEs                ; 22 LEs                 ; Yes        ; |top_segment|adjust_date_time:U4|second_m[0]             ;
; 20:1               ; 3 bits    ; 39 LEs        ; 6 LEs                ; 33 LEs                 ; Yes        ; |top_segment|adjust_date_time:U4|day_m[3]                ;
; 9:1                ; 4 bits    ; 24 LEs        ; 8 LEs                ; 16 LEs                 ; Yes        ; |top_segment|hour_minute_second:U3|hour_m[0]             ;
; 31:1               ; 3 bits    ; 60 LEs        ; 6 LEs                ; 54 LEs                 ; Yes        ; |top_segment|year_month_day:U2|day_m[3]                  ;
; 33:1               ; 2 bits    ; 44 LEs        ; 4 LEs                ; 40 LEs                 ; Yes        ; |top_segment|year_month_day:U2|day_m[4]                  ;
; 37:1               ; 4 bits    ; 96 LEs        ; 52 LEs               ; 44 LEs                 ; Yes        ; |top_segment|year_month_day:U2|month_m[2]                ;
+--------------------+-----------+---------------+----------------------+------------------------+------------+----------------------------------------------------------+


+-----------------------------------------------------------------------+
; Parameter Settings for User Entity Instance: display:U0|assign_seg:U0 ;
+----------------+---------+--------------------------------------------+
; Parameter Name ; Value   ; Type                                       ;
+----------------+---------+--------------------------------------------+
; s0             ; 1000000 ; Unsigned Binary                            ;
; s1             ; 1111001 ; Unsigned Binary                            ;
; s2             ; 0100100 ; Unsigned Binary                            ;
; s3             ; 0110000 ; Unsigned Binary                            ;
; s4             ; 0011001 ; Unsigned Binary                            ;
; s5             ; 0010010 ; Unsigned Binary                            ;
; s6             ; 0000010 ; Unsigned Binary                            ;
; s7             ; 1111000 ; Unsigned Binary                            ;
; s8             ; 0000000 ; Unsigned Binary                            ;
; s9             ; 0010000 ; Unsigned Binary                            ;
+----------------+---------+--------------------------------------------+
Note: In order to hide this table in the UI and the text report file, please set the "Show Parameter Settings in Synthesis Report" option in "Analysis and Synthesis Settings -> More Settings" to "Off".


+-----------------------------------------------------------------------+
; Parameter Settings for User Entity Instance: display:U0|assign_seg:U1 ;
+----------------+---------+--------------------------------------------+
; Parameter Name ; Value   ; Type                                       ;
+----------------+---------+--------------------------------------------+
; s0             ; 1000000 ; Unsigned Binary                            ;
; s1             ; 1111001 ; Unsigned Binary                            ;
; s2             ; 0100100 ; Unsigned Binary                            ;
; s3             ; 0110000 ; Unsigned Binary                            ;
; s4             ; 0011001 ; Unsigned Binary                            ;
; s5             ; 0010010 ; Unsigned Binary                            ;
; s6             ; 0000010 ; Unsigned Binary                            ;
; s7             ; 1111000 ; Unsigned Binary                            ;
; s8             ; 0000000 ; Unsigned Binary                            ;
; s9             ; 0010000 ; Unsigned Binary                            ;
+----------------+---------+--------------------------------------------+
Note: In order to hide this table in the UI and the text report file, please set the "Show Parameter Settings in Synthesis Report" option in "Analysis and Synthesis Settings -> More Settings" to "Off".


+-----------------------------------------------------------------------+
; Parameter Settings for User Entity Instance: display:U0|assign_seg:U2 ;
+----------------+---------+--------------------------------------------+
; Parameter Name ; Value   ; Type                                       ;
+----------------+---------+--------------------------------------------+
; s0             ; 1000000 ; Unsigned Binary                            ;
; s1             ; 1111001 ; Unsigned Binary                            ;
; s2             ; 0100100 ; Unsigned Binary                            ;
; s3             ; 0110000 ; Unsigned Binary                            ;
; s4             ; 0011001 ; Unsigned Binary                            ;
; s5             ; 0010010 ; Unsigned Binary                            ;
; s6             ; 0000010 ; Unsigned Binary                            ;
; s7             ; 1111000 ; Unsigned Binary                            ;
; s8             ; 0000000 ; Unsigned Binary                            ;
; s9             ; 0010000 ; Unsigned Binary                            ;
+----------------+---------+--------------------------------------------+
Note: In order to hide this table in the UI and the text report file, please set the "Show Parameter Settings in Synthesis Report" option in "Analysis and Synthesis Settings -> More Settings" to "Off".


+-----------------------------------------------------------------------+
; Parameter Settings for User Entity Instance: display:U0|assign_seg:U3 ;
+----------------+---------+--------------------------------------------+
; Parameter Name ; Value   ; Type                                       ;
+----------------+---------+--------------------------------------------+
; s0             ; 1000000 ; Unsigned Binary                            ;
; s1             ; 1111001 ; Unsigned Binary                            ;
; s2             ; 0100100 ; Unsigned Binary                            ;
; s3             ; 0110000 ; Unsigned Binary                            ;
; s4             ; 0011001 ; Unsigned Binary                            ;
; s5             ; 0010010 ; Unsigned Binary                            ;
; s6             ; 0000010 ; Unsigned Binary                            ;
; s7             ; 1111000 ; Unsigned Binary                            ;
; s8             ; 0000000 ; Unsigned Binary                            ;
; s9             ; 0010000 ; Unsigned Binary                            ;
+----------------+---------+--------------------------------------------+
Note: In order to hide this table in the UI and the text report file, please set the "Show Parameter Settings in Synthesis Report" option in "Analysis and Synthesis Settings -> More Settings" to "Off".


+-----------------------------------------------------------------------+
; Parameter Settings for User Entity Instance: display:U0|assign_seg:U4 ;
+----------------+---------+--------------------------------------------+
; Parameter Name ; Value   ; Type                                       ;
+----------------+---------+--------------------------------------------+
; s0             ; 1000000 ; Unsigned Binary                            ;
; s1             ; 1111001 ; Unsigned Binary                            ;
; s2             ; 0100100 ; Unsigned Binary                            ;
; s3             ; 0110000 ; Unsigned Binary                            ;
; s4             ; 0011001 ; Unsigned Binary                            ;
; s5             ; 0010010 ; Unsigned Binary                            ;
; s6             ; 0000010 ; Unsigned Binary                            ;
; s7             ; 1111000 ; Unsigned Binary                            ;
; s8             ; 0000000 ; Unsigned Binary                            ;
; s9             ; 0010000 ; Unsigned Binary                            ;
+----------------+---------+--------------------------------------------+
Note: In order to hide this table in the UI and the text report file, please set the "Show Parameter Settings in Synthesis Report" option in "Analysis and Synthesis Settings -> More Settings" to "Off".


+-----------------------------------------------------------------------+
; Parameter Settings for User Entity Instance: display:U0|assign_seg:U5 ;
+----------------+---------+--------------------------------------------+
; Parameter Name ; Value   ; Type                                       ;
+----------------+---------+--------------------------------------------+
; s0             ; 1000000 ; Unsigned Binary                            ;
; s1             ; 1111001 ; Unsigned Binary                            ;
; s2             ; 0100100 ; Unsigned Binary                            ;
; s3             ; 0110000 ; Unsigned Binary                            ;
; s4             ; 0011001 ; Unsigned Binary                            ;
; s5             ; 0010010 ; Unsigned Binary                            ;
; s6             ; 0000010 ; Unsigned Binary                            ;
; s7             ; 1111000 ; Unsigned Binary                            ;
; s8             ; 0000000 ; Unsigned Binary                            ;
; s9             ; 0010000 ; Unsigned Binary                            ;
+----------------+---------+--------------------------------------------+
Note: In order to hide this table in the UI and the text report file, please set the "Show Parameter Settings in Synthesis Report" option in "Analysis and Synthesis Settings -> More Settings" to "Off".


+--------------------------------------------------------------------+
; Parameter Settings for User Entity Instance: hour_minute_second:U3 ;
+----------------+----------+----------------------------------------+
; Parameter Name ; Value    ; Type                                   ;
+----------------+----------+----------------------------------------+
; times          ; 49999999 ; Signed Integer                         ;
; length         ; 26       ; Signed Integer                         ;
+----------------+----------+----------------------------------------+
Note: In order to hide this table in the UI and the text report file, please set the "Show Parameter Settings in Synthesis Report" option in "Analysis and Synthesis Settings -> More Settings" to "Off".


+------------------------------------------------------------------------------+
; Parameter Settings for User Entity Instance: adjust_date_time:U4|no_jiter:U0 ;
+----------------+-------+-----------------------------------------------------+
; Parameter Name ; Value ; Type                                                ;
+----------------+-------+-----------------------------------------------------+
; length         ; 13    ; Signed Integer                                      ;
; times          ; 4999  ; Signed Integer                                      ;
+----------------+-------+-----------------------------------------------------+
Note: In order to hide this table in the UI and the text report file, please set the "Show Parameter Settings in Synthesis Report" option in "Analysis and Synthesis Settings -> More Settings" to "Off".


+------------------------------------------------------------------------------+
; Parameter Settings for User Entity Instance: adjust_date_time:U4|no_jiter:U1 ;
+----------------+-------+-----------------------------------------------------+
; Parameter Name ; Value ; Type                                                ;
+----------------+-------+-----------------------------------------------------+
; length         ; 13    ; Signed Integer                                      ;
; times          ; 4999  ; Signed Integer                                      ;
+----------------+-------+-----------------------------------------------------+
Note: In order to hide this table in the UI and the text report file, please set the "Show Parameter Settings in Synthesis Report" option in "Analysis and Synthesis Settings -> More Settings" to "Off".


+-----------------------------------------------------+
; Post-Synthesis Netlist Statistics for Top Partition ;
+-----------------------+-----------------------------+
; Type                  ; Count                       ;
+-----------------------+-----------------------------+
; arriav_ff             ; 186                         ;
;     ENA               ; 59                          ;
;     ENA SCLR          ; 26                          ;
;     ENA SCLR SLD      ; 4                           ;
;     ENA SLD           ; 28                          ;
;     SCLR              ; 33                          ;
;     SCLR SLD          ; 1                           ;
;     SLD               ; 23                          ;
;     plain             ; 12                          ;
; arriav_lcell_comb     ; 359                         ;
;     arith             ; 52                          ;
;         1 data inputs ; 50                          ;
;         2 data inputs ; 2                           ;
;     extend            ; 13                          ;
;         7 data inputs ; 13                          ;
;     normal            ; 294                         ;
;         0 data inputs ; 1                           ;
;         2 data inputs ; 17                          ;
;         3 data inputs ; 34                          ;
;         4 data inputs ; 74                          ;
;         5 data inputs ; 50                          ;
;         6 data inputs ; 118                         ;
; boundary_port         ; 47                          ;
;                       ;                             ;
; Max LUT depth         ; 5.00                        ;
; Average LUT depth     ; 2.36                        ;
+-----------------------+-----------------------------+


+-------------------------------+
; Elapsed Time Per Partition    ;
+----------------+--------------+
; Partition Name ; Elapsed Time ;
+----------------+--------------+
; Top            ; 00:00:01     ;
+----------------+--------------+


+-------------------------------+
; Analysis & Synthesis Messages ;
+-------------------------------+
Info: *******************************************************************
Info: Running Quartus II 64-Bit Analysis & Synthesis
    Info: Version 14.1.1 Build 190 01/19/2015 SJ Full Version
    Info: Processing started: Fri Jul 17 12:38:09 2015
Info: Command: quartus_map --read_settings_files=on --write_settings_files=off 7_segment -c 7_segment
Info (11104): Parallel Compilation has detected 8 hyper-threaded processors. However, the extra hyper-threaded processors will not be used by default. Parallel Compilation will use 4 of the 4 physical processors detected instead.
Info (12021): Found 2 design units, including 1 entities, in source file /cal/homes/jchen/VHDL/experiments/7-segment/src/year_month_day.vhd
    Info (12022): Found design unit 1: year_month_day-behavior
    Info (12023): Found entity 1: year_month_day
Info (12021): Found 2 design units, including 1 entities, in source file /cal/homes/jchen/VHDL/experiments/7-segment/src/top_segment.vhd
    Info (12022): Found design unit 1: top_segment-behavior
    Info (12023): Found entity 1: top_segment
Info (12021): Found 2 design units, including 1 entities, in source file /cal/homes/jchen/VHDL/experiments/7-segment/src/no_jiter.vhd
    Info (12022): Found design unit 1: no_jiter-behavior
    Info (12023): Found entity 1: no_jiter
Info (12021): Found 2 design units, including 1 entities, in source file /cal/homes/jchen/VHDL/experiments/7-segment/src/mux_date_time.vhd
    Info (12022): Found design unit 1: mux_date_time-behavior
    Info (12023): Found entity 1: mux_date_time
Info (12021): Found 2 design units, including 1 entities, in source file /cal/homes/jchen/VHDL/experiments/7-segment/src/hour_minute_second.vhd
    Info (12022): Found design unit 1: hour_minute_second-behavior
    Info (12023): Found entity 1: hour_minute_second
Info (12021): Found 2 design units, including 1 entities, in source file /cal/homes/jchen/VHDL/experiments/7-segment/src/display.vhd
    Info (12022): Found design unit 1: display-behavior
    Info (12023): Found entity 1: display
Info (12021): Found 2 design units, including 1 entities, in source file /cal/homes/jchen/VHDL/experiments/7-segment/src/assign_seg.vhd
    Info (12022): Found design unit 1: assign_seg-behavior
    Info (12023): Found entity 1: assign_seg
Info (12021): Found 2 design units, including 1 entities, in source file /cal/homes/jchen/VHDL/experiments/7-segment/src/adjust_date_time.vhd
    Info (12022): Found design unit 1: adjust_date_time-behavior
    Info (12023): Found entity 1: adjust_date_time
Info (12127): Elaborating entity "top_segment" for the top level hierarchy
Info (12128): Elaborating entity "display" for hierarchy "display:U0"
Info (12128): Elaborating entity "assign_seg" for hierarchy "display:U0|assign_seg:U0"
Info (12128): Elaborating entity "mux_date_time" for hierarchy "mux_date_time:U1"
Info (12128): Elaborating entity "year_month_day" for hierarchy "year_month_day:U2"
Info (12128): Elaborating entity "hour_minute_second" for hierarchy "hour_minute_second:U3"
Info (12128): Elaborating entity "adjust_date_time" for hierarchy "adjust_date_time:U4"
Info (12128): Elaborating entity "no_jiter" for hierarchy "adjust_date_time:U4|no_jiter:U0"
Info (286030): Timing-Driven Synthesis is running
Info (16010): Generating hard_block partition "hard_block:auto_generated_inst"
    Info (16011): Adding 0 node(s), including 0 DDIO, 0 PLL, 0 transceiver and 0 LCELL
Info (21057): Implemented 406 device resources after synthesis - the final resource count might be different
    Info (21058): Implemented 5 input pins
    Info (21059): Implemented 42 output pins
    Info (21061): Implemented 359 logic cells
Info: Quartus II 64-Bit Analysis & Synthesis was successful. 0 errors, 0 warnings
    Info: Peak virtual memory: 1010 megabytes
    Info: Processing ended: Fri Jul 17 12:38:27 2015
    Info: Elapsed time: 00:00:18
    Info: Total CPU time (on all processors): 00:00:31


